866093008						      |	-1783682640
Starting game.							Starting game.
Player 0 bought 22					      |	Player 0 bought 20
Player 0: 3							Player 0: 3
Player 1: 2							Player 1: 2
Player 2: 0							Player 2: 0
Player 3: 0						      |	Player 1 bought 20
Player 1 bought 22					      <
Player 0: 3							Player 0: 3
Player 1: 3							Player 1: 3
Player 2: 2							Player 2: 2
Player 3: 0						      |	Player 2 bought 20
Player 2 bought 22					      <
Player 0: 3						      <
Player 1: 3						      <
Player 2: 4						      <
Player 3: 3						      <
Player 3 bought 22					      <
Player 0: 4							Player 0: 4
Player 1: 3							Player 1: 3
Player 2: 4							Player 2: 4
Player 3: 4						      |	Player 0 bought 10
Player 0 bought 25					      <
Player 0: 4							Player 0: 4
Player 1: 4							Player 1: 4
Player 2: 4							Player 2: 4
Player 3: 4						      |	Player 1 bought 10
Player 1 bought 25					      <
Player 0: 4							Player 0: 4
Player 1: 4							Player 1: 4
Player 2: 5							Player 2: 5
Player 3: 4						      |	Player 2 bought 10
Player 2 bought 25					      <
Player 0: 4						      <
Player 1: 4						      <
Player 2: 4						      <
Player 3: 4						      <
Player 3 bought 25					      <
Player 0: 1							Player 0: 1
Player 1: 4							Player 1: 4
Player 2: 4							Player 2: 4
Player 3: 4						      |	Player 0 bought 10
Player 0 bought 22					      |	Player 0: 2
Player 0: 3						      <
Player 1: 1							Player 1: 1
Player 2: 4							Player 2: 4
Player 3: 4						      |	Player 1 bought 20
Player 1 bought 22					      <
Player 0: 3						      <
Player 1: 2						      <
Player 2: 2						      <
Player 3: 4						      <
Player 2 bought 22					      <
Player 0: 3						      <
Player 1: 2						      <
Player 2: 3						      <
Player 3: 2						      <
Player 3 bought 22					      <
Player 0: 2							Player 0: 2
Player 1: 3						      <
Player 2: 2						      <
Player 3: 3						      <
Player 0 bought 22					      <
Player 0: 3						      <
Player 1: 2							Player 1: 2
Player 2: 2						      |	Player 2: 1
Player 3: 3						      |	Player 2 bought 20
Player 1 bought 22					      <
Player 0: 3						      <
Player 1: 3						      <
Player 2: 2						      <
Player 3: 3						      <
Player 2 bought silver					      <
Player 0: 3							Player 0: 3
Player 1: 3						      |	Player 1: 2
Player 2: 3						      <
Player 3: 4						      <
Player 3 bought silver					      <
Player 0: 4						      <
Player 1: 3						      <
Player 2: 3							Player 2: 3
Player 3: 6						      |	Player 0 bought 20
Player 0 bought copper					      <
Player 0: 5							Player 0: 5
Player 1: 3							Player 1: 3
Player 2: 3							Player 2: 3
Player 3: 6						      |	Player 1 bought 20
Player 1 bought silver					      <
Player 0: 5							Player 0: 5
Player 1: 5							Player 1: 5
Player 2: 4							Player 2: 4
Player 3: 6						      |	Played gardens card
Player 2 bought copper					      |	Player 2 bought 20
Player 0: 5						      <
Player 1: 5						      <
Player 2: 7						      <
Player 3: 1						      <
Player 3 bought silver					      <
Player 0: 1						      <
Player 1: 5						      <
Player 2: 7						      <
Player 3: 3						      <
Player 0 bought copper					      <
Player 0: 2						      <
Player 1: 2						      <
Player 2: 7						      <
Player 3: 3						      <
Player 1 bought 25					      <
Player 0: 2						      <
Player 1: 3						      <
Player 2: 1						      <
Player 3: 3						      <
Player 2 bought copper					      <
Player 0: 2							Player 0: 2
Player 1: 3						      <
Player 2: 3						      <
Player 3: 4						      <
Player 3 bought 25					      <
Player 0: 3						      <
Player 1: 3						      <
Player 2: 3						      <
Player 3: 5						      <
Player 0 bought copper					      <
Player 0: 5						      <
Player 1: 4						      <
Player 2: 3						      <
Player 3: 5						      <
Player 1 bought silver					      <
Player 0: 5						      <
Player 1: 5						      <
Player 2: 4						      <
Player 3: 5						      <
Player 2 bought 25					      <
Player 0: 5						      <
Player 1: 5							Player 1: 5
Player 2: 5							Player 2: 5
Player 3: 1						      |	Player 0 bought 22
Player 3 bought copper					      <
Player 0: 2							Player 0: 2
Player 1: 5						      |	Player 1: 2
Player 2: 5						      <
Player 3: 1						      <
Player 0 bought silver					      <
Player 0: 3						      <
Player 1: 0						      <
Player 2: 5							Player 2: 5
Player 3: 1						      |	Player 1 bought 20
Player 1 bought 25					      |	Player 0: 2
Player 0: 3						      <
Player 1: 3						      <
Player 2: 1						      <
Player 3: 1						      <
Player 2 bought 25					      <
Player 0: 3						      <
Player 1: 3							Player 1: 3
Player 2: 2							Player 2: 2
Player 3: 3						      |	Player 2 bought 22
Player 3 bought silver					      <
Player 0: 4							Player 0: 4
Player 1: 3						      <
Player 2: 2						      <
Player 3: 5						      <
Player 0 bought silver					      <
Player 0: 5						      <
Player 1: 4						      <
Player 2: 2						      <
Player 3: 5						      <
Player 1 bought silver					      <
Player 0: 5						      <
Player 1: 4							Player 1: 4
Player 2: 3							Player 2: 3
Player 3: 5						      |	Player 0 bought 22
Player 2 bought silver					      <
Player 0: 5							Player 0: 5
Player 1: 4							Player 1: 4
Player 2: 4						      <
Player 3: 5						      <
Player 3 bought 25					      <
Player 0: 1						      <
Player 1: 4						      <
Player 2: 4						      <
Player 3: 0						      <
Player 0 bought silver					      <
Player 0: 1						      <
Player 1: 1						      <
Player 2: 3						      <
Player 3: -1						      <
Player 1 bought silver					      <
Player 0: 1						      <
Player 1: 1						      <
Player 2: 2						      <
Player 3: -1						      <
Player 2 bought silver					      <
Player 0: 1						      <
Player 1: 1						      <
Player 2: 3							Player 2: 3
Player 3: 1						      |	Played gardens card
Player 3 bought silver					      |	Played gardens card
Player 0: 4						      |	Player 1 bought 22
Player 1: 1						      <
Player 2: 2						      <
Player 3: 2						      <
Player 0 bought gold					      <
Player 0: 4						      <
Player 1: 1						      <
Player 2: 2						      <
Player 3: 2						      <
Player 1 bought gold					      <
Player 0: 4							Player 0: 4
Player 1: 1						      |	Player 1: 5
Player 2: 3							Player 2: 3
Player 3: 2						      <
Player 2 bought silver						Player 2 bought silver
Player 0: 4						      |	Player 0: 0
Player 1: 1						      |	Player 1: 5
Player 2: 3							Player 2: 3
Player 3: 3						      |	Player 0 bought silver
Player 3 bought silver					      <
Player 0: 1							Player 0: 1
Player 1: 1							Player 1: 1
Player 2: 3							Player 2: 3
Player 3: 4						      |	Player 1 bought 22
Player 0 bought copper					      |	Player 0: 1
Player 0: 2						      <
Player 1: 0						      <
Player 2: 2						      <
Player 3: 4						      <
Player 1 bought gold					      <
Player 0: 2						      <
Player 1: 1							Player 1: 1
Player 2: 1							Player 2: 1
Player 3: 4						      |	Played gardens card
Player 2 bought silver					      |	Played gardens card
Player 0: 2						      |	Player 2 bought 22
Player 1: 1						      <
Player 2: 2						      <
Player 3: 4						      <
Player 3 bought gold					      <
Player 0: 3							Player 0: 3
Player 1: 1							Player 1: 1
Player 2: 2							Player 2: 2
Player 3: 4						      |	Played gardens card
Player 0 bought gold					      |	Played gardens card
Player 0: 4						      |	Player 0 bought copper
Player 1: 1						      |	Player 0: 6
							      >	Player 1: 4
Player 2: 2							Player 2: 2
Player 3: 4						      |	Player 1 bought copper
Player 1 bought silver					      |	Player 0: 6
Player 0: 4						      |	Player 1: 7
Player 1: 1						      <
Player 2: 3							Player 2: 3
Player 3: 4						      |	Player 2 bought silver
Player 2 bought copper					      |	Player 0: 8
Player 0: 4						      |	Player 1: 6
Player 1: 1						      <
Player 2: 4						      <
Player 3: 1						      <
Player 3 bought gold					      <
Player 0: 5						      <
Player 1: 1						      <
Player 2: 4							Player 2: 4
Player 3: 2						      |	Player 0 bought 0
Player 0 bought silver					      |	Player 0: 2
Player 0: 1						      |	Player 1: 6
Player 1: 1						      <
Player 2: 4							Player 2: 4
Player 3: 2						      <
Player 1 bought silver						Player 1 bought silver
							      >	Player 0: 2
							      >	Player 1: 0
							      >	Player 2: 5
							      >	Player 2 bought 10
Player 0: 1							Player 0: 1
Player 1: 1						      |	Player 1: 0
Player 2: 1							Player 2: 1
Player 3: 2						      |	Player 0 bought 22
Player 2 bought gold					      <
Player 0: 1						      <
Player 1: 1						      <
Player 2: 3						      <
Player 3: 3						      <
Player 3 bought silver					      <
Player 0: 2						      <
Player 1: 1						      <
Player 2: 3						      <
Player 3: 3						      <
Player 0 bought silver					      <
Player 0: 2						      <
Player 1: 1						      <
Player 2: 3						      <
Player 3: 3						      <
Player 1 bought gold					      <
Player 0: 2							Player 0: 2
Player 1: 1							Player 1: 1
Player 2: 3						      |	Player 2: 0
Player 3: 3						      |	Played gardens card
Player 2 bought gold					      |	Player 1 bought 22
Player 0: 2							Player 0: 2
Player 1: 1						      |	Player 1: 2
Player 2: 3						      |	Player 2: 0
Player 3: 3						      |	Player 2 bought 10
Player 3 bought gold					      <
Player 0: 3						      <
Player 1: 1						      <
Player 2: 3						      <
Player 3: 5						      <
Player 0 bought gold					      <
Player 0: 4						      <
Player 1: 1						      <
Player 2: 3						      <
Player 3: 5						      <
Player 1 bought gold					      <
Player 0: 4						      <
Player 1: -3						      <
Player 2: 5						      <
Player 3: 5						      <
Player 2 bought copper					      <
Player 0: 3						      <
Player 1: -4						      <
Player 2: 2						      <
Player 3: 2						      <
Player 3 bought silver					      <
Player 0: 3							Player 0: 3
Player 1: -4						      |	Player 1: 2
Player 2: 2							Player 2: 2
Player 3: 2						      <
Player 0 bought silver						Player 0 bought silver
Player 0: 4						      <
Player 1: 0						      <
Player 2: 2						      <
Player 3: 3						      <
Player 1 bought gold					      <
Player 0: 4						      <
Player 1: 0						      <
Player 2: 1						      <
Player 3: 3						      <
Player 2 bought gold					      <
Player 0: 4						      <
Player 1: 0						      <
Player 2: 4						      <
Player 3: 4						      <
Player 3 bought gold					      <
Player 0: 0						      <
Player 1: 0						      <
Player 2: 4						      <
Player 3: 5						      <
Player 0 bought gold					      <
Player 0: 3							Player 0: 3
Player 1: 0						      |	Player 1: 5
Player 2: 4							Player 2: 4
Player 3: 5						      |	Player 1 bought silver
Player 1 bought gold					      <
Player 0: 3							Player 0: 3
Player 1: 0						      |	Player 1: 5
Player 2: 4							Player 2: 4
Player 3: 5						      |	Player 2 bought 11
Player 2 bought silver					      |	Player 0: 2
							      >	Player 1: 5
							      >	Player 2: 4
							      >	Played gardens card
							      >	Player 0 bought 22
Player 0: 3							Player 0: 3
Player 1: -1						      |	Player 1: 6
Player 2: 4							Player 2: 4
Player 3: 0						      |	Player 1 bought silver
Player 3 bought gold					      <
Player 0: 3							Player 0: 3
Player 1: -1						      |	Player 1: 7
							      >	Player 2: 6
							      >	Player 2 bought 22
							      >	Player 0: 5
							      >	Player 1: 7
Player 2: 4							Player 2: 4
Player 3: 3						      |	Player 0 bought 10
Player 0 bought gold					      <
Player 0: 2							Player 0: 2
Player 1: 1						      |	Player 1: 8
Player 2: 3						      |	Player 2: 4
Player 3: 3						      <
Player 1 bought silver						Player 1 bought silver
Player 0: 2							Player 0: 2
Player 1: 1						      |	Player 1: 6
Player 2: 6						      <
Player 3: 3						      <
Player 2 bought silver					      <
Player 0: 2						      <
Player 1: 1						      <
Player 2: 7						      <
Player 3: 4						      <
Player 3 bought gold					      <
Player 0: 4						      <
Player 1: 1						      <
Player 2: 7						      <
Player 3: 5						      <
Player 0 bought gold					      <
Player 0: 4						      <
Player 1: 1						      <
Player 2: 7						      <
Player 3: 5						      <
Player 1 bought gold					      <
Player 0: 4						      <
Player 1: 1						      <
Player 2: 2							Player 2: 2
Player 3: 5						      |	Player 2 bought copper
Player 2 bought silver					      <
Player 0: 4						      <
Player 1: 1						      <
Player 2: 3						      <
Player 3: 8						      <
Player 3 bought silver					      <
Player 0: 1						      <
Player 1: 1						      <
Player 2: 3						      <
Player 3: 9						      <
Player 0 bought silver					      <
Player 0: 1							Player 0: 1
Player 1: 1						      |	Player 1: 6
							      >	Player 2: 2
							      >	Player 0 bought copper
							      >	Player 0: 2
							      >	Player 1: 2
							      >	Player 2: 2
							      >	Player 1 bought silver
							      >	Player 0: 2
							      >	Player 1: 3
Player 2: 3							Player 2: 3
Player 3: 9						      |	Player 2 bought 11
Player 1 bought gold					      <
Player 0: 1						      <
Player 1: 1						      <
Player 2: 4						      <
Player 3: 9						      <
Player 2 bought gold					      <
Player 0: 1						      <
Player 1: 1						      <
Player 2: 4						      <
Player 3: 2						      <
Player 3 bought silver					      <
Player 0: 2							Player 0: 2
Player 1: 1						      |	Player 1: 3
Player 2: 4						      <
Player 3: 4						      <
Player 0 bought gold					      <
Player 0: 3						      <
Player 1: 0						      <
Player 2: 4							Player 2: 4
Player 3: 4						      |	Player 0 bought 11
Player 1 bought gold					      |	Player 0: 2
Player 0: 3						      |	Player 1: 4
Player 1: 0						      <
Player 2: 4							Player 2: 4
Player 3: 4						      |	Player 1 bought 10
Player 2 bought gold					      <
Player 0: 3						      <
Player 1: 0						      <
Player 2: 6						      <
Player 3: 4						      <
Player 3 bought gold					      <
Player 0: 4						      <
Player 1: 0						      <
Player 2: 6						      <
Player 3: 4						      <
Player 0 bought gold					      <
Player 0: 5						      <
Player 1: 0						      <
Player 2: 6						      <
Player 3: 4						      <
Player 1 bought gold					      <
Player 0: 5						      <
Player 1: 1						      <
Player 2: 7						      <
Player 3: 4						      <
Player 2 bought silver					      <
Player 0: 5						      <
Player 1: 1						      <
Player 2: 3						      <
Player 3: 5						      <
Player 3 bought gold					      <
Player 3 bought gold					      <
Player 3 bought gold					      <
Player 0: 5						      <
Player 1: 1						      <
Player 2: 3						      <
Player 3: 6						      <
Player 0 bought gold					      <
Player 0 bought gold					      <
Player 0 bought gold					      <
Player 0: 1						      <
Player 1: 2						      <
Player 2: 3						      <
Player 3: 6						      <
Player 1 bought gold					      <
Player 1 bought gold					      <
Player 1 bought gold					      <
Player 0: 1						      <
Player 1: 2						      <
Player 2: 1						      <
Player 3: 6						      <
Player 2 bought gold					      <
Player 2 bought gold					      <
Player 2 bought gold					      <
Player 0: 1						      <
Player 1: 2						      <
Player 2: 3						      <
Player 3: 2						      <
Player 3 bought gold					      <
Player 3 bought gold					      <
Player 3 bought gold					      <
Player 0: 1						      <
Player 1: 2						      <
Player 2: 3						      <
Player 3: 2						      <
Player 0 bought gold					      <
Player 0 bought gold					      <
Player 0 bought gold					      <
Player 0: 1						      <
Player 1: 2						      <
Player 2: 3						      <
Player 3: 2						      <
Player 1 bought gold					      <
Player 1 bought gold					      <
Player 1 bought gold					      <
Player 0: 1						      <
Player 1: 0						      <
Player 2: 3						      <
Player 3: 2						      <
Player 2 bought gold					      <
Player 2 bought gold					      <
Player 2 bought gold					      <
Player 0: 1						      <
Player 1: 0						      <
Player 2: 4						      <
Player 3: 2						      <
Player 3 bought gold					      <
Player 3 bought gold					      <
Player 3 bought gold					      <
Player 0: 1						      <
Player 1: 0						      <
Player 2: 4						      <
Player 3: 3						      <
Player 0 bought gold					      <
Player 0 bought gold					      <
Player 0 bought gold					      <
Player 0: 2						      <
Player 1: 0						      <
Player 2: 4						      <
Player 3: 3						      <
Player 1 bought gold					      <
Player 1 bought gold					      <
Player 1 bought gold					      <
Player 0: 2							Player 0: 2
Player 1: 0						      |	Player 1: 5
Player 2: 4						      |	Player 2: 5
Player 3: 3						      |	Played gardens card
Player 2 bought gold					      |	Played gardens card
Player 2 bought gold					      |	Played gardens card
Player 2 bought gold					      |	Player 2 bought 4
Player 0: 2							Player 0: 2
Player 1: 0						      |	Player 1: 5
Player 2: 4						      |	Player 2: 6
Player 3: 4						      |	Player 0 bought copper
Player 3 bought gold					      <
Player 3 bought gold					      <
Player 3 bought gold					      <
Player 0: 3							Player 0: 3
Player 1: 0						      |	Player 1: 5
Player 2: 4						      |	Player 2: 6
Player 3: 4						      |	Player 1 bought 10
Player 0 bought gold					      <
Player 0 bought gold					      <
Player 0 bought gold					      <
Player 0: 3							Player 0: 3
Player 1: 1						      |	Player 1: 5
							      >	Player 2: 6
							      >	Player 2 bought 10
							      >	Player 0: 5
							      >	Player 1: 5
Player 2: 4							Player 2: 4
Player 3: 4						      |	Player 0 bought 10
Player 1 bought gold					      |	Player 0: 6
Player 1 bought gold					      |	Player 1: 7
Player 1 bought gold					      <
Player 0: 3						      <
Player 1: 1						      <
Player 2: 5						      <
Player 3: 4						      <
Player 2 bought silver					      <
Player 0: 3						      <
Player 1: 1						      <
Player 2: 5						      <
Player 3: 1						      <
Player 3 bought gold					      <
Player 3 bought gold					      <
Player 3 bought gold					      <
Player 0: 3						      <
Player 1: 1						      <
Player 2: 5						      <
Player 3: 2						      <
Player 0 bought gold					      <
Player 0 bought gold					      <
Player 0 bought gold					      <
Player 0: 4						      <
Player 1: 1						      <
Player 2: 5						      <
Player 3: 2						      <
Player 1 bought gold					      <
Player 1 bought gold					      <
Player 1 bought gold					      <
Player 0: 4						      <
Player 1: 2						      <
Player 2: 2						      <
Player 3: 2						      <
Player 2 bought silver					      <
Player 0: 4						      <
Player 1: 2						      <
Player 2: 3						      <
Player 3: 3						      <
Player 3 bought gold					      <
Player 3 bought gold					      <
Player 3 bought gold					      <
Player 0: 0						      <
Player 1: 2						      <
Player 2: 3						      <
Player 3: 3						      <
Player 0 bought gold					      <
Player 0 bought gold					      <
Player 0 bought gold					      <
Player 0: 0						      <
Player 1: 2						      <
Player 2: 3						      <
Player 3: 3						      <
Player 1 bought gold					      <
Player 1 bought gold					      <
Player 1 bought gold					      <
Player 0: 0						      <
Player 1: 1						      <
Player 2: 3						      <
Player 3: 3						      <
Player 2 bought gold					      <
Player 2 bought gold					      <
Player 2 bought gold					      <
Player 0: 0						      <
Player 1: 1						      <
Player 2: 4							Player 2: 4
Player 3: 3						      |	Player 1 bought silver
Player 3 bought gold					      |	Player 0: 6
Player 3 bought gold					      |	Player 1: 10
Player 3 bought gold					      |	Player 2: 0
							      >	Played mine card
							      >	Played gardens card
							      >	Player 2 bought copper
							      >	Player 0: 6
							      >	Player 1: 10
							      >	Player 2: 0
							      >	Played gardens card
							      >	Player 0 bought copper
Player 0: 0							Player 0: 0
Player 1: 1						      <
Player 2: 4						      <
Player 3: 5						      <
Player 0 bought gold					      <
Player 0 bought gold					      <
Player 0 bought gold					      <
Player 0: 1						      <
Player 1: 1						      <
Player 2: 4						      <
Player 3: 5						      <
Player 1 bought gold					      <
Player 1 bought gold					      <
Player 1 bought gold					      <
Player 0: 1						      <
Player 1: 1						      <
Player 2: 4						      <
Player 3: 5						      <
Player 2 bought gold					      <
Player 2 bought gold					      <
Player 2 bought gold					      <
Player 0: 1						      <
Player 1: 1						      <
Player 2: 4						      <
Player 3: 1						      <
Player 3 bought gold					      <
Player 3 bought gold					      <
Player 3 bought gold					      <
Player 0: 3						      <
Player 1: 1						      <
Player 2: 4						      <
Player 3: 2						      <
Player 0 bought gold					      <
Player 0 bought gold					      <
Player 0 bought gold					      <
Player 0: 4						      <
Player 1: 1						      <
Player 2: 4						      <
Player 3: 2						      <
Player 1 bought gold					      <
Player 1 bought gold					      <
Player 1 bought gold					      <
Player 0: 4						      <
Player 1: 1						      <
Player 2: 5						      <
Player 3: 2						      <
Player 2 bought gold					      <
Player 2 bought gold					      <
Player 2 bought gold					      <
Player 0: 4						      <
Player 1: 1						      <
Player 2: 6						      <
Player 3: 3						      <
Player 3 bought gold					      <
Player 3 bought gold					      <
Player 3 bought gold					      <
Player 0: 4						      <
Player 1: 1						      <
Player 2: 6						      <
Player 3: 3						      <
Player 0 bought gold					      <
Player 0 bought gold					      <
Player 0 bought gold					      <
Player 0: 4						      <
Player 1: 1						      <
Player 2: 6						      <
Player 3: 3						      <
Player 1 bought gold					      <
Player 1 bought gold					      <
Player 1 bought gold					      <
Player 0: 4						      <
Player 1: 1						      <
Player 2: 1						      <
Player 3: 3						      <
Player 2 bought gold					      <
Player 2 bought gold					      <
Player 2 bought gold					      <
Player 0: 4						      <
Player 1: 0							Player 1: 0
Player 2: 2						      |	Player 2: 0
Player 3: 3						      |	Player 1 bought 11
Player 3 bought gold					      <
Player 3 bought gold					      <
Player 3 bought gold					      <
Player 0: 0							Player 0: 0
Player 1: 0						      <
Player 2: 2						      <
Player 3: 4						      <
Player 0 bought gold					      <
Player 0 bought gold					      <
Player 0 bought gold					      <
Player 0: 1						      <
Player 1: 0						      <
Player 2: 2						      <
Player 3: 4						      <
Player 1 bought gold					      <
Player 1 bought gold					      <
Player 1 bought gold					      <
Player 0: 1						      <
Player 1: 0						      <
Player 2: 2						      <
Player 3: 4						      <
Player 2 bought gold					      <
Player 2 bought gold					      <
Player 2 bought gold					      <
Player 0: 1						      <
Player 1: 0						      <
Player 2: 3						      <
Player 3: 1						      <
Player 3 bought gold					      <
Player 3 bought gold					      <
Player 3 bought gold					      <
Player 0: 2						      <
Player 1: 0						      <
Player 2: 3						      <
Player 3: 1						      <
Player 0 bought silver					      <
Player 0: 2						      <
Player 1: 1						      <
Player 2: 3						      <
Player 3: 2						      <
Player 1 bought gold					      <
Player 1 bought gold					      <
Player 1 bought gold					      <
Player 0: 2						      <
Player 1: 2						      <
Player 2: 4						      <
Player 3: 2						      <
Player 2 bought gold					      <
Player 2 bought gold					      <
Player 2 bought gold					      <
Player 0: 2						      <
Player 1: 2						      <
Player 2: 3						      <
Player 3: 3						      <
Player 3 bought gold					      <
Player 3 bought gold					      <
Player 3 bought gold					      <
Player 0: 2						      <
Player 1: 2						      <
Player 2: 3						      <
Player 3: 3						      <
Player 0 bought gold					      <
Player 0 bought gold					      <
Player 0 bought gold					      <
Player 0: 3						      <
Player 1: 2						      <
Player 2: 3						      <
Player 3: 3						      <
Player 1 bought gold					      <
Player 1 bought gold					      <
Player 1 bought gold					      <
Player 0: 3						      <
Player 1: 1						      <
Player 2: 4						      <
Player 3: 3						      <
Player 2 bought gold					      <
Player 2 bought gold					      <
Player 2 bought gold					      <
Player 0: 3						      <
Player 1: 1						      <
Player 2: 4						      <
Player 3: 0						      <
Player 3 bought gold					      <
Player 3 bought gold					      <
Player 3 bought gold					      <
Player 0: 4						      <
Player 1: 1						      <
Player 2: 4						      <
Player 3: 1						      <
Player 0 bought gold					      <
Player 0 bought gold					      <
Player 0 bought gold					      <
Player 0: 4						      <
Player 1: 1						      <
Player 2: 4						      <
Player 3: 1						      <
Player 1 bought gold					      <
Player 1 bought gold					      <
Player 1 bought gold					      <
Player 0: 4						      <
Player 1: 1							Player 1: 1
Player 2: 1							Player 2: 1
Player 3: 1						      |	Played gardens card
Player 2 bought gold					      |	Player 2 bought copper
Player 2 bought gold					      <
Player 2 bought gold					      <
Player 0: 4						      <
Player 1: 1						      <
Player 2: 3						      <
Player 3: 2						      <
Player 3 bought gold					      <
Player 3 bought gold					      <
Player 3 bought gold					      <
Player 0: 0							Player 0: 0
Player 1: 1							Player 1: 1
Player 2: 3							Player 2: 3
Player 3: 3						      |	Played mine card
Player 0 bought gold					      |	Player 0 bought copper
Player 0 bought gold					      <
Player 0 bought gold					      <
Player 0: 1						      <
Player 1: 1						      <
Player 2: 3						      <
Player 3: 3						      <
Player 1 bought gold					      <
Player 1 bought gold					      <
Player 1 bought gold					      <
Player 0: 1						      <
Player 1: 1						      <
Player 2: 3						      <
Player 3: 3						      <
Player 2 bought silver					      <
Player 0: 1						      <
Player 1: 1						      <
Player 2: 3						      <
Player 3: 4						      <
Player 3 bought gold					      <
Player 3 bought gold					      <
Player 3 bought gold					      <
Player 0: 1						      <
Player 1: 1						      <
Player 2: 3						      <
Player 3: 4						      <
Player 0 bought gold					      <
Player 0 bought gold					      <
Player 0 bought gold					      <
Player 0: 2						      <
Player 1: 1						      <
Player 2: 3						      <
Player 3: 4						      <
Player 1 bought gold					      <
Player 1 bought gold					      <
Player 1 bought gold					      <
Player 0: 2							Player 0: 2
Player 1: 2							Player 1: 2
Player 2: 3							Player 2: 3
Player 3: 4						      |	Player 1 bought 11
Player 2 bought gold					      <
Player 2 bought gold					      <
Player 2 bought gold					      <
Player 0: 1						      <
Player 1: 1						      <
Player 2: 3						      <
Player 3: 1						      <
Player 3 bought gold					      <
Player 3 bought gold					      <
Player 3 bought gold					      <
Player 0: 2						      <
Player 1: 1						      <
Player 2: 3						      <
Player 3: 2						      <
Player 0 bought gold					      <
Player 0 bought gold					      <
Player 0 bought gold					      <
Player 0: 2						      <
Player 1: 0						      <
Player 2: 3						      <
Player 3: 2						      <
Player 1 bought gold					      <
Player 1 bought gold					      <
Player 1 bought gold					      <
Player 0: 2						      <
Player 1: 0						      <
Player 2: 4						      <
Player 3: 2						      <
Player 2 bought gold					      <
Player 2 bought gold					      <
Player 2 bought gold					      <
Player 0: 2							Player 0: 2
Player 1: 0						      |	Player 1: 3
Player 2: 5						      <
Player 3: 2						      <
Player 3 bought gold					      <
Player 3 bought gold					      <
Player 3 bought gold					      <
Player 0: 1						      <
Player 1: 0						      <
Player 2: 5						      <
Player 3: 3						      <
Player 0 bought gold					      <
Player 0 bought gold					      <
Player 0 bought gold					      <
Player 0: 1						      <
Player 1: 1						      <
Player 2: 5							Player 2: 5
Player 3: 3						      <
Player 1 bought gold					      <
Player 1 bought gold					      <
Player 1 bought gold					      <
Player 0: 1						      <
Player 1: 1						      <
Player 2: 1						      <
Player 3: 3						      <
Player 2 bought gold					      <
Player 2 bought gold					      <
Player 2 bought gold					      <
Player 0: 1						      <
Player 1: 1						      <
Player 2: 1						      <
Player 3: 1						      <
Player 3 bought gold					      <
Player 3 bought gold					      <
Player 3 bought gold					      <
Player 0: 2						      <
Player 1: 1						      <
Player 2: 1						      <
Player 3: 1						      <
Player 0 bought gold					      <
Player 0 bought gold					      <
Player 0 bought gold					      <
Player 0: 3						      <
Player 1: 0						      <
Player 2: 1						      <
Player 3: 1						      <
Player 1 bought gold					      <
Player 1 bought gold					      <
Player 1 bought gold					      <
Player 0: 3						      <
Player 1: 1						      <
Player 2: 2						      <
Player 3: 1						      <
Player 2 bought silver						Player 2 bought silver
Player 0: 3							Player 0: 3
Player 1: 1						      |	Player 1: 3
Player 2: 3						      |	Player 2: 6
Player 3: 2						      |	Player 0 bought copper
Player 3 bought gold					      <
Player 3 bought gold					      <
Player 3 bought gold					      <
Player 0: 3						      <
Player 1: 1						      <
Player 2: 3						      <
Player 3: 3						      <
Player 0 bought gold					      <
Player 0 bought gold					      <
Player 0 bought gold					      <
Player 0: 2						      <
Player 1: 1						      <
Player 2: 3						      <
Player 3: 3						      <
Player 1 bought gold					      <
Player 1 bought gold					      <
Player 1 bought gold					      <
Player 0: 2						      <
Player 1: 1						      <
Player 2: 3						      <
Player 3: 3						      <
Player 2 bought gold					      <
Player 2 bought gold					      <
Player 2 bought gold					      <
Player 0: 2						      <
Player 1: 1						      <
Player 2: 3						      <
Player 3: 1						      <
Player 3 bought gold					      <
Player 3 bought gold					      <
Player 3 bought gold					      <
Player 0: 1						      <
Player 1: 1						      <
Player 2: 3						      <
Player 3: 1						      <
Player 0 bought gold					      <
Player 0 bought gold					      <
Player 0 bought gold					      <
Player 0: 2						      <
Player 1: 1						      <
Player 2: 3						      <
Player 3: 1						      <
Player 1 bought gold					      <
Player 1 bought gold					      <
Player 1 bought gold					      <
Player 0: 2						      <
Player 1: 1						      <
Player 2: 4						      <
Player 3: 1						      <
Player 2 bought gold					      <
Player 2 bought gold					      <
Player 2 bought gold					      <
Player 0: 2						      <
Player 1: 1						      <
Player 2: 5						      <
Player 3: 2						      <
Player 3 bought gold					      <
Player 3 bought gold					      <
Player 3 bought gold					      <
Player 0: 2						      <
Player 1: 1						      <
Player 2: 5						      <
Player 3: 4						      <
Player 0 bought gold					      <
Player 0 bought gold					      <
Player 0 bought gold					      <
Player 0: 2						      <
Player 1: 1						      <
Player 2: 5						      <
Player 3: 4						      <
Player 1 bought gold					      <
Player 1 bought gold					      <
Player 1 bought gold					      <
Player 0: 2						      <
Player 1: 1						      <
Player 2: 1						      <
Player 3: 4						      <
Player 2 bought gold					      <
Player 2 bought gold					      <
Player 2 bought gold					      <
Player 0: 2						      <
Player 1: 1						      <
Player 2: 3						      <
Player 3: 0						      <
Player 3 bought gold					      <
Player 3 bought gold					      <
Player 3 bought gold					      <
Player 0: 3						      <
Player 1: 1						      <
Player 2: 3						      <
Player 3: 2						      <
Player 0 bought gold					      <
Player 0 bought gold					      <
Player 0 bought gold					      <
Player 0: 3						      <
Player 1: 0						      <
Player 2: 3						      <
Player 3: 2						      <
Player 1 bought gold					      <
Player 1 bought gold					      <
Player 1 bought gold					      <
Player 0: 3						      <
Player 1: 0						      <
Player 2: 3						      <
Player 3: 2						      <
Player 2 bought gold					      <
Player 2 bought gold					      <
Player 2 bought gold					      <
Player 0: 4						      <
Player 1: 0						      <
Player 2: 3						      <
Player 3: 4						      <
Player 3 bought gold					      <
Player 3 bought gold					      <
Player 3 bought gold					      <
Player 0: 1						      <
Player 1: 0						      <
Player 2: 3						      <
Player 3: 3						      <
Player 0 bought gold					      <
Player 0 bought gold					      <
Player 0 bought gold					      <
Player 0: 1						      <
Player 1: 0						      <
Player 2: 3						      <
Player 3: 3						      <
Player 1 bought gold					      <
Player 1 bought gold					      <
Player 1 bought gold					      <
Player 0: 1						      <
Player 1: 0						      <
Player 2: 3						      <
Player 3: 3						      <
Player 2 bought gold					      <
Player 2 bought gold					      <
Player 2 bought gold					      <
Player 0: 1						      <
Player 1: 0						      <
Player 2: 3						      <
Player 3: 1						      <
Player 3 bought gold					      <
Player 3 bought gold					      <
Player 3 bought gold					      <
Player 0: 3						      <
Player 1: 0						      <
Player 2: 3						      <
Player 3: 1						      <
Player 0 bought gold					      <
Player 0 bought gold					      <
Player 0 bought gold					      <
Player 0: 4						      <
Player 1: 0						      <
Player 2: 3						      <
Player 3: 1						      <
Player 1 bought gold					      <
Player 1 bought gold					      <
Player 1 bought gold					      <
Player 0: 4						      <
Player 1: 0						      <
Player 2: 3						      <
Player 3: 1						      <
Player 2 bought gold					      <
Player 2 bought gold					      <
Player 2 bought gold					      <
Player 0: 4						      <
Player 1: 0						      <
Player 2: 3						      <
Player 3: 2						      <
Player 3 bought gold					      <
Player 3 bought gold					      <
Player 3 bought gold					      <
Player 0: 4						      <
Player 1: 0						      <
Player 2: 3						      <
Player 3: 4						      <
Player 0 bought gold					      <
Player 0 bought gold					      <
Player 0 bought gold					      <
Player 0: 6						      <
Player 1: 0						      <
Player 2: 3						      <
Player 3: 4						      <
Player 1 bought gold					      <
Player 1 bought gold					      <
Player 1 bought gold					      <
Player 0: 6						      <
Player 1: 0						      <
Player 2: 3						      <
Player 3: 4						      <
Player 2 bought copper					      <
Player 0: 6						      <
Player 1: 0						      <
Player 2: 3						      <
Player 3: 1						      <
Player 3 bought gold					      <
Player 3 bought gold					      <
Player 3 bought gold					      <
Player 0: 0						      <
Player 1: 0						      <
Player 2: 3						      <
Player 3: 1						      <
Player 0 bought gold					      <
Player 0 bought gold					      <
Player 0 bought gold					      <
Player 0: 1						      <
Player 1: 0						      <
Player 2: 3						      <
Player 3: 1						      <
Player 1 bought gold					      <
Player 1 bought gold					      <
Player 1 bought gold					      <
Player 0: 1						      <
Player 1: 0						      <
Player 2: 3						      <
Player 3: 1						      <
Player 2 bought gold					      <
Player 2 bought gold					      <
Player 2 bought gold					      <
Player 0: 1						      <
Player 1: 0						      <
Player 2: 3						      <
Player 3: 2						      <
Player 3 bought gold					      <
Player 3 bought gold					      <
Player 3 bought gold					      <
Player 0: 3							Player 0: 3
Player 1: 0						      |	Player 1: 5
Player 2: 3						      |	Player 2: 6
Player 3: 4						      |	Player 1 bought 10
Player 0 bought silver					      <
Player 0: 5						      <
Player 1: 0						      <
Player 2: 3						      <
Player 3: 4						      <
Player 1 bought gold					      <
Player 1 bought gold					      <
Player 1 bought gold					      <
Player 0: 5						      <
Player 1: 0						      <
Player 2: 3						      <
Player 3: 4						      <
Player 2 bought gold					      <
Player 2 bought gold					      <
Player 2 bought gold					      <
Player 0: 5						      <
Player 1: 0						      <
Player 2: 3						      <
Player 3: 0						      <
Player 3 bought gold					      <
Player 3 bought gold					      <
Player 3 bought gold					      <
Player 0: 5						      <
Player 1: 0						      <
Player 2: 3						      <
Player 3: 1						      <
Player 0 bought gold					      <
Player 0 bought gold					      <
Player 0 bought gold					      <
Player 0: 5						      <
Player 1: 0						      <
Player 2: 3						      <
Player 3: 1						      <
Player 1 bought gold					      <
Player 1 bought gold					      <
Player 1 bought gold					      <
Player 0: 5						      <
Player 1: 0						      <
Player 2: 3						      <
Player 3: 1						      <
Player 2 bought gold					      <
Player 2 bought gold					      <
Player 2 bought gold					      <
Player 0: 5						      <
Player 1: 0						      <
Player 2: 5						      <
Player 3: 2						      <
Player 3 bought gold					      <
Player 3 bought gold					      <
Player 3 bought gold					      <
Player 0: 1						      <
Player 1: 0						      <
Player 2: 5						      <
Player 3: 3						      <
Player 0 bought gold					      <
Player 0 bought gold					      <
Player 0 bought gold					      <
Player 0: 1						      <
Player 1: 0						      <
Player 2: 5						      <
Player 3: 3						      <
Player 1 bought gold					      <
Player 1 bought gold					      <
Player 1 bought gold					      <
Player 0: 1						      <
Player 1: 0						      <
Player 2: 0						      <
Player 3: 3						      <
Player 2 bought gold					      <
Player 2 bought gold					      <
Player 2 bought gold					      <
Player 0: 1						      <
Player 1: 0						      <
Player 2: 1						      <
Player 3: 1						      <
Player 3 bought gold					      <
Player 3 bought gold					      <
Player 3 bought gold					      <
Player 0: 2						      <
Player 1: 0						      <
Player 2: 1						      <
Player 3: 1						      <
Player 0 bought gold					      <
Player 0 bought gold					      <
Player 0 bought gold					      <
Player 0: 4						      <
Player 1: 0						      <
Player 2: 1						      <
Player 3: 1						      <
Player 1 bought gold					      <
Player 1 bought gold					      <
Player 1 bought gold					      <
Player 0: 4						      <
Player 1: 0						      <
Player 2: 2						      <
Player 3: 1						      <
Player 2 bought silver					      <
Player 0: 4							Player 0: 4
Player 1: 0						      |	Player 1: 7
Player 2: 2						      |	Player 2: 8
Player 3: 2						      <
Player 3 bought gold					      <
Player 3 bought gold					      <
Player 3 bought gold					      <
Player 0: 5						      <
Player 1: 0						      <
Player 2: 2						      <
Player 3: 3						      <
Player 0 bought silver					      <
Player 0: 5						      <
Player 1: 0						      <
Player 2: 3						      <
Player 3: 2						      <
Finished game.							Finished game.
Player 0: 5						      |	Player 0: 4
Player 1: 0						      |	Player 1: 7
Player 2: 3						      |	Player 2: 8
Player 3: 2						      <
