236111936
Starting game.
Player 0 bought 20
Player 0: 3
Player 1: 2
Player 2: 0
Player 1 bought 20
Player 0: 3
Player 1: 3
Player 2: 2
Player 2 bought 20
Player 0: 4
Player 1: 3
Player 2: 4
Player 0 bought 20
Player 0: 4
Player 1: 4
Player 2: 4
Player 1 bought 20
Player 0: 4
Player 1: 4
Player 2: 5
Player 2 bought 20
Player 0: 1
Player 1: 4
Player 2: 4
Player 0 bought 20
Player 0: 2
Player 1: 1
Player 2: 4
Player 1 bought 20
Player 0: 2
Player 1: 2
Player 2: 1
Player 2 bought 20
Player 0: 3
Player 1: 2
Player 2: 3
Player 0 bought 20
Player 0: 5
Player 1: 3
Player 2: 3
Player 1 bought silver
Player 0: 5
Player 1: 5
Player 2: 4
Player 2 bought silver
Player 0: 2
Player 1: 5
Player 2: 5
Player 0 bought 4
Player 0: 2
Player 1: 2
Player 2: 5
Player 1 bought silver
Player 0: 2
Player 1: 3
Player 2: 2
Player 2 bought copper
Player 0: 3
Player 1: 3
Player 2: 3
Player 0 bought 0
Player 0: 4
Player 1: 3
Player 2: 3
Player 1 bought silver
Player 0: 4
Player 1: 3
Player 2: 3
Player 2 bought silver
Player 0: 0
Player 1: 3
Player 2: 4
Player 0 bought silver
Player 0: 2
Player 1: 1
Player 2: 4
Player 1 bought 1
Player 0: 2
Player 1: 2
Player 2: 1
Player 2 bought silver
Player 0: 2
Player 1: 2
Player 2: 3
Player 0 bought copper
Player 0: 2
Player 1: 5
Player 2: 4
Player 1 bought silver
Player 0: 2
Player 1: 7
Player 2: 4
Player 2 bought silver
Player 0: 4
Player 1: 7
Player 2: 3
Player 0 bought 1
Player 0: 1
Player 1: 6
Player 2: 2
Player 1 bought gold
Player 0: 1
Player 1: 0
Player 2: 4
Player 2 bought silver
Player 0: 1
Player 1: 0
Player 2: -2
Player 0 bought silver
Player 0: 2
Player 1: 1
Player 2: -2
Player 1 bought silver
Player 0: 2
Player 1: 2
Player 2: 0
Player 2 bought gold
Player 0: 3
Player 1: 2
Player 2: 1
Player 0 bought copper
Player 0: 4
Player 1: 2
Player 2: 1
Player 1 bought gold
Player 0: 4
Player 1: 4
Player 2: 2
Player 2 bought silver
Player 0: 5
Player 1: 4
Player 2: 4
Player 0 bought silver
Player 0: 3
Player 1: 7
Player 2: 4
Player 1 bought silver
Player 0: 3
Player 1: 8
Player 2: 7
Player 2 bought copper
Player 0: -1
Player 1: 8
Player 2: 7
Player 0 bought silver
Player 0: 1
Player 1: 9
Player 2: 7
Player 1 bought silver
Player 0: 1
Player 1: 8
Player 2: 8
Player 2 bought gold
Player 0: 3
Player 1: 8
Player 2: 2
Player 0 bought silver
Player 0: 3
Player 1: 0
Player 2: 2
Player 1 bought gold
Player 0: 3
Player 1: 0
Player 2: 2
Player 2 bought silver
Player 0: 4
Player 1: 0
Player 2: 2
Player 0 bought gold
Player 0: 3
Player 1: 2
Player 2: 2
Player 1 bought silver
Player 0: 3
Player 1: 5
Player 2: 2
Player 2 bought gold
Player 0: 5
Player 1: 5
Player 2: 3
Player 0 bought 1
Player 0: 0
Player 1: 7
Player 2: 3
Player 1 bought gold
Player 0: 0
Player 1: 9
Player 2: 3
Player 2 bought gold
Player 0: 0
Player 1: 9
Player 2: 4
Player 0 bought gold
Player 0: 1
Player 1: 10
Player 2: 4
Player 1 bought silver
Player 0: 1
Player 1: 7
Player 2: 6
Player 2 bought 1
Player 0: 3
Player 1: 7
Player 2: 7
Player 0 bought silver
Player 0: 3
Player 1: 0
Player 2: 7
Player 1 bought gold
Player 0: 3
Player 1: 1
Player 2: 7
Player 2 bought gold
Player 0: 6
Player 1: 1
Player 2: 7
Player 0 bought silver
Player 0: 8
Player 1: 3
Player 2: 7
Player 1 bought silver
Player 0: 8
Player 1: 5
Player 2: 0
Player 2 bought gold
Player 0: 7
Player 1: 5
Player 2: 0
Player 0 bought gold
Player 0: 8
Player 1: 6
Player 2: 0
Player 1 bought gold
Player 0: 8
Player 1: 7
Player 2: 1
Player 2 bought gold
Player 0: 9
Player 1: 7
Player 2: 4
Player 0 bought silver
Player 0: 4
Player 1: 9
Player 2: 4
Player 1 bought gold
Player 0: 4
Player 1: 11
Player 2: 5
Player 2 bought gold
Player 0: 2
Player 1: 11
Player 2: 6
Player 0 bought gold
Player 0: 2
Player 1: 11
Player 2: 6
Player 1 bought gold
Player 0: 2
Player 1: 7
Player 2: 7
Player 2 bought silver
Player 0: 5
Player 1: 7
Player 2: 8
Player 0 bought copper
Player 0: 6
Player 1: 8
Player 2: 8
Player 1 bought gold
Player 0: 6
Player 1: 2
Player 2: 10
Player 2 bought silver
Player 0: 6
Player 1: 2
Player 2: 8
Player 0 bought gold
Player 0: 5
Player 1: 0
Player 2: 8
Player 1 bought gold
Player 0: 5
Player 1: 3
Player 2: 8
Player 2 bought gold
Player 0: 4
Player 1: 3
Player 2: 2
Player 0 bought gold
Player 0: 5
Player 1: 4
Player 2: 2
Player 1 bought gold
Player 0: 5
Player 1: 5
Player 2: 1
Player 2 bought gold
Player 0: 6
Player 1: 5
Player 2: 1
Player 0 bought gold
Player 0: 10
Player 1: 5
Player 2: 1
Player 1 bought gold
Player 1 bought gold
Player 1 bought gold
Player 0: 10
Player 1: 5
Player 2: 2
Player 2 bought gold
Player 2 bought gold
Player 2 bought gold
Player 0: 10
Player 1: 5
Player 2: 4
Player 0 bought gold
Player 0 bought gold
Player 0 bought gold
Player 0: 6
Player 1: 6
Player 2: 4
Player 1 bought gold
Player 1 bought gold
Player 1 bought gold
Player 0: 6
Player 1: 7
Player 2: 4
Player 2 bought gold
Player 2 bought gold
Player 2 bought gold
Player 0: 1
Player 1: 7
Player 2: 5
Player 0 bought gold
Player 0 bought gold
Player 0 bought gold
Player 0: 3
Player 1: 7
Player 2: 5
Player 1 bought gold
Player 1 bought gold
Player 1 bought gold
Player 0: 3
Player 1: 8
Player 2: 5
Player 2 bought gold
Player 2 bought gold
Player 2 bought gold
Player 0: 3
Player 1: 8
Player 2: 5
Player 0 bought silver
Player 0: 3
Player 1: 9
Player 2: 5
Player 1 bought gold
Player 1 bought gold
Player 1 bought gold
Player 0: 3
Player 1: 9
Player 2: 6
Player 2 bought gold
Player 2 bought gold
Player 2 bought gold
Player 0: 4
Player 1: 9
Player 2: 6
Player 0 bought gold
Player 0 bought gold
Player 0 bought gold
Player 0: 4
Player 1: 11
Player 2: 6
Player 1 bought silver
Player 0: 4
Player 1: 9
Player 2: 8
Player 2 bought gold
Player 2 bought gold
Player 2 bought gold
Player 0: 5
Player 1: 9
Player 2: 9
Player 0 bought silver
Player 0: 6
Player 1: 2
Player 2: 9
Player 1 bought silver
Player 0: 6
Player 1: 3
Player 2: 9
Player 2 bought gold
Player 2 bought gold
Player 2 bought gold
Player 0: 6
Player 1: 3
Player 2: 10
Player 0 bought gold
Player 0 bought gold
Player 0 bought gold
Player 0: 7
Player 1: 3
Player 2: 10
Player 1 bought gold
Player 1 bought gold
Player 1 bought gold
Player 0: 7
Player 1: 4
Player 2: 0
Player 2 bought gold
Player 2 bought gold
Player 2 bought gold
Player 0: 7
Player 1: 4
Player 2: 0
Player 0 bought gold
Player 0 bought gold
Player 0 bought gold
Player 0: 7
Player 1: 4
Player 2: 0
Player 1 bought gold
Player 1 bought gold
Player 1 bought gold
Player 0: 7
Player 1: 5
Player 2: 0
Player 2 bought gold
Player 2 bought gold
Player 2 bought gold
Player 0: 8
Player 1: 5
Player 2: 0
Player 0 bought gold
Player 0 bought gold
Player 0 bought gold
Player 0: 7
Player 1: 5
Player 2: 0
Player 1 bought gold
Player 1 bought gold
Player 1 bought gold
Player 0: 7
Player 1: 6
Player 2: 2
Player 2 bought gold
Player 2 bought gold
Player 2 bought gold
Player 0: 2
Player 1: 6
Player 2: 4
Player 0 bought silver
Player 0: 2
Player 1: 7
Player 2: 4
Player 1 bought silver
Player 0: 2
Player 1: 7
Player 2: 5
Player 2 bought gold
Player 2 bought gold
Player 2 bought gold
Player 0: 1
Player 1: 7
Player 2: 6
Player 0 bought gold
Player 0 bought gold
Player 0 bought gold
Player 0: 1
Player 1: 9
Player 2: 6
Player 1 bought gold
Player 1 bought gold
Player 1 bought gold
Player 0: 1
Player 1: 9
Player 2: 7
Player 2 bought silver
Player 0: 3
Player 1: 9
Player 2: 8
Player 0 bought gold
Player 0 bought gold
Player 0 bought gold
Player 0: 4
Player 1: 9
Player 2: 8
Player 1 bought gold
Player 1 bought gold
Player 1 bought gold
Player 0: 4
Player 1: 10
Player 2: 9
Player 2 bought gold
Player 2 bought gold
Player 2 bought gold
Player 0: 5
Player 1: 10
Player 2: 10
Player 0 bought gold
Player 0 bought gold
Player 0 bought gold
Player 0: 6
Player 1: 1
Player 2: 10
Player 1 bought gold
Player 1 bought gold
Player 1 bought gold
Player 0: 6
Player 1: 2
Player 2: 10
Player 2 bought gold
Player 2 bought gold
Player 2 bought gold
Player 0: 7
Player 1: 2
Player 2: 10
Player 0 bought gold
Player 0 bought gold
Player 0 bought gold
Player 0: 8
Player 1: 3
Player 2: 9
Player 1 bought gold
Player 1 bought gold
Player 1 bought gold
Player 0: 8
Player 1: 4
Player 2: 0
Player 2 bought gold
Player 2 bought gold
Player 2 bought gold
Player 0: 8
Player 1: 4
Player 2: 0
Player 0 bought gold
Player 0 bought gold
Player 0 bought gold
Player 0: 9
Player 1: 4
Player 2: 0
Player 1 bought gold
Player 1 bought gold
Player 1 bought gold
Player 0: 9
Player 1: 4
Player 2: 0
Player 2 bought gold
Player 2 bought gold
Player 2 bought gold
Player 0: 9
Player 1: 4
Player 2: 0
Player 0 bought gold
Player 0 bought gold
Player 0 bought gold
Player 0: 9
Player 1: 5
Player 2: 0
Player 1 bought gold
Player 1 bought gold
Player 1 bought gold
Player 0: 9
Player 1: 6
Player 2: 1
Player 2 bought gold
Player 2 bought gold
Player 2 bought gold
Player 0: 0
Player 1: 6
Player 2: 3
Player 0 bought gold
Player 0 bought gold
Player 0 bought gold
Player 0: 1
Player 1: 7
Player 2: 3
Player 1 bought gold
Player 1 bought gold
Player 1 bought gold
Player 0: 1
Player 1: 8
Player 2: 5
Player 2 bought silver
Player 0: 4
Player 1: 8
Player 2: 6
Player 0 bought silver
Player 0: 4
Player 1: 8
Player 2: 6
Player 1 bought gold
Player 1 bought gold
Player 1 bought gold
Player 0: 4
Player 1: 8
Player 2: 7
Player 2 bought gold
Player 2 bought gold
Player 2 bought gold
Player 0: 4
Player 1: 8
Player 2: 8
Player 0 bought gold
Player 0 bought gold
Player 0 bought gold
Player 0: 5
Player 1: 9
Player 2: 8
Player 1 bought gold
Player 1 bought gold
Player 1 bought gold
Player 0: 5
Player 1: 10
Player 2: 9
Player 2 bought gold
Player 2 bought gold
Player 2 bought gold
Player 0: 5
Player 1: 10
Player 2: 10
Player 0 bought gold
Player 0 bought gold
Player 0 bought gold
Player 0: 5
Player 1: 10
Player 2: 10
Player 1 bought gold
Player 1 bought gold
Player 1 bought gold
Player 0: 5
Player 1: 7
Player 2: 10
Player 2 bought gold
Player 2 bought gold
Player 2 bought gold
Player 0: 6
Player 1: 7
Player 2: 10
Player 0 bought gold
Player 0 bought gold
Player 0 bought gold
Player 0: 6
Player 1: 1
Player 2: 10
Player 1 bought gold
Player 1 bought gold
Player 1 bought gold
Player 0: 6
Player 1: 2
Player 2: 0
Player 2 bought gold
Player 2 bought gold
Player 2 bought gold
Player 0: 5
Player 1: 2
Player 2: 1
Player 0 bought gold
Player 0 bought gold
Player 0 bought gold
Player 0: 6
Player 1: 2
Player 2: 1
Player 1 bought gold
Player 1 bought gold
Player 1 bought gold
Player 0: 6
Player 1: 3
Player 2: 1
Player 2 bought gold
Player 2 bought gold
Player 2 bought gold
Player 0: 7
Player 1: 3
Player 2: 2
Player 0 bought silver
Player 0: 9
Player 1: 4
Player 2: 2
Player 1 bought gold
Player 1 bought gold
Player 1 bought gold
Player 0: 9
Player 1: 4
Player 2: 3
Player 2 bought gold
Player 2 bought gold
Player 2 bought gold
Player 0: 2
Player 1: 4
Player 2: 3
Player 0 bought gold
Player 0 bought gold
Player 0 bought gold
Player 0: 2
Player 1: 5
Player 2: 3
Player 1 bought gold
Player 1 bought gold
Player 1 bought gold
Player 0: 2
Player 1: 5
Player 2: 4
Player 2 bought gold
Player 2 bought gold
Player 2 bought gold
Player 0: 3
Player 1: 5
Player 2: 5
Player 0 bought gold
Player 0 bought gold
Player 0 bought gold
Player 0: 2
Player 1: 6
Player 2: 5
Player 1 bought gold
Player 1 bought gold
Player 1 bought gold
Player 0: 2
Player 1: 7
Player 2: 6
Player 2 bought gold
Player 2 bought gold
Player 2 bought gold
Player 0: 2
Player 1: 7
Player 2: 7
Player 0 bought gold
Player 0 bought gold
Player 0 bought gold
Player 0: 4
Player 1: 7
Player 2: 7
Player 1 bought gold
Player 1 bought gold
Player 1 bought gold
Player 0: 4
Player 1: 8
Player 2: 7
Player 2 bought gold
Player 2 bought gold
Player 2 bought gold
Player 0: 5
Player 1: 8
Player 2: 8
Player 0 bought gold
Player 0 bought gold
Player 0 bought gold
Player 0: 5
Player 1: 8
Player 2: 8
Player 1 bought gold
Player 1 bought gold
Player 1 bought gold
Player 0: 5
Player 1: 9
Player 2: 9
Player 2 bought gold
Player 2 bought gold
Player 2 bought gold
Player 0: 5
Player 1: 9
Player 2: 9
Player 0 bought gold
Player 0 bought gold
Player 0 bought gold
Player 0: 6
Player 1: 10
Player 2: 9
Player 1 bought gold
Player 1 bought gold
Player 1 bought gold
Player 0: 6
Player 1: 10
Player 2: 10
Player 2 bought gold
Player 2 bought gold
Player 2 bought gold
Player 0: 8
Player 1: 10
Player 2: 7
Player 0 bought silver
Player 0: 8
Player 1: 1
Player 2: 7
Player 1 bought gold
Player 1 bought gold
Player 1 bought gold
Player 0: 8
Player 1: 1
Player 2: 0
Player 2 bought gold
Player 2 bought gold
Player 2 bought gold
Player 0: 7
Player 1: 1
Player 2: 0
Player 0 bought gold
Player 0 bought gold
Player 0 bought gold
Player 0: 8
Player 1: 2
Player 2: 0
Player 1 bought gold
Player 1 bought gold
Player 1 bought gold
Player 0: 8
Player 1: 4
Player 2: 2
Player 2 bought gold
Player 2 bought gold
Player 2 bought gold
Player 0: 8
Player 1: 4
Player 2: 3
Player 0 bought gold
Player 0 bought gold
Player 0 bought gold
Player 0: 5
Player 1: 4
Player 2: 3
Player 1 bought gold
Player 1 bought gold
Player 1 bought gold
Player 0: 5
Player 1: 4
Player 2: 3
Player 2 bought gold
Player 2 bought gold
Player 2 bought gold
Player 0: 2
Player 1: 4
Player 2: 4
Player 0 bought gold
Player 0 bought gold
Player 0 bought gold
Player 0: 2
Player 1: 6
Player 2: 4
Player 1 bought gold
Player 1 bought gold
Player 1 bought gold
Player 0: 2
Player 1: 6
Player 2: 4
Player 2 bought gold
Player 2 bought gold
Player 2 bought gold
Player 0: 2
Player 1: 6
Player 2: 5
Player 0 bought gold
Player 0 bought gold
Player 0 bought gold
Player 0: 4
Player 1: 6
Player 2: 5
Player 1 bought gold
Player 1 bought gold
Player 1 bought gold
Player 0: 4
Player 1: 7
Player 2: 6
Player 2 bought gold
Player 2 bought gold
Player 2 bought gold
Player 0: 5
Player 1: 7
Player 2: 6
Player 0 bought gold
Player 0 bought gold
Player 0 bought gold
Player 0: 5
Player 1: 7
Player 2: 6
Player 1 bought gold
Player 1 bought gold
Player 1 bought gold
Player 0: 5
Player 1: 8
Player 2: 7
Player 2 bought gold
Player 2 bought gold
Player 2 bought gold
Player 0: 5
Player 1: 8
Player 2: 7
Player 0 bought gold
Player 0 bought gold
Player 0 bought gold
Player 0: 5
Player 1: 9
Player 2: 7
Player 1 bought gold
Player 1 bought gold
Player 1 bought gold
Player 0: 5
Player 1: 10
Player 2: 8
Player 2 bought gold
Player 2 bought gold
Player 2 bought gold
Player 0: 4
Player 1: 10
Player 2: 10
Player 0 bought gold
Player 0 bought gold
Player 0 bought gold
Player 0: 4
Player 1: 11
Player 2: 10
Player 1 bought gold
Player 1 bought gold
Player 1 bought gold
Player 0: 4
Player 1: 11
Player 2: 10
Player 2 bought gold
Player 2 bought gold
Player 2 bought gold
Player 0: 5
Player 1: 11
Player 2: 10
Player 0 bought silver
Player 0: 6
Player 1: 1
Player 2: 10
Player 1 bought gold
Player 1 bought gold
Player 1 bought gold
Player 0: 6
Player 1: 3
Player 2: 1
Player 2 bought gold
Player 2 bought gold
Player 2 bought gold
Player 0: 7
Player 1: 3
Player 2: 1
Player 0 bought gold
Player 0 bought gold
Player 0 bought gold
Player 0: 7
Player 1: 3
Player 2: 1
Player 1 bought gold
Player 1 bought gold
Player 1 bought gold
Player 0: 7
Player 1: 4
Player 2: 2
Player 2 bought gold
Player 2 bought gold
Player 2 bought gold
Player 0: 8
Player 1: 4
Player 2: 2
Player 0 bought gold
Player 0 bought gold
Player 0 bought gold
Player 0: 10
Player 1: 5
Player 2: 2
Player 1 bought gold
Player 1 bought gold
Player 1 bought gold
Player 0: 10
Player 1: 5
Player 2: 2
Player 2 bought gold
Player 2 bought gold
Player 2 bought gold
Player 0: 0
Player 1: 5
Player 2: 4
Player 0 bought gold
Player 0 bought gold
Player 0 bought gold
Player 0: 1
Player 1: 6
Player 2: 4
Player 1 bought gold
Player 1 bought gold
Player 1 bought gold
Player 0: 1
Player 1: 6
Player 2: 4
Player 2 bought gold
Player 2 bought gold
Player 2 bought gold
Player 0: 4
Player 1: 6
Player 2: 5
Player 0 bought silver
Player 0: 4
Player 1: 6
Player 2: 5
Finished game.
Player 0: 4
Player 1: 6
Player 2: 5
